[+] Containers:
 |- [+] Container: /Game/ThirdPerson/Maps/ThirdPersonMap
 |   |- [+] ActorDescs:
 |   |   |- Guid:083621F94A2DF03F757D6EAA29203C89 NativeClass:/Script/Engine.StaticMeshActor Name:StaticMeshActor_UAID_5405DBE7D95E044202_1353679895 Label:SM_Cube3 SpatiallyLoaded:true EditorBounds:IsValid=true, Min=(X=0.000 Y=1000.000 Z=0.000), Max=(X=1200.000 Y=1100.000 Z=100.000) RuntimeBounds:IsValid=true, Min=(X=0.000 Y=1000.000 Z=0.000), Max=(X=1200.000 Y=1100.000 Z=100.000) RuntimeGrid:None EditorOnly:false RuntimeOnly:false HLODRelevant:true ListedInSceneOutliner:true IsMainWorldOnly:false FolderPath:Playground FolderGuid:C73F09FC4215536B1DCE2A9E0A830C70
 |   |   |- Guid:11AAFD3245C0F6BF20FB7F9268D157B3 NativeClass:/Script/Engine.StaticMeshActor Name:StaticMeshActor_UAID_5405DBE7D95EEB4302_1163207643 Label:untitled SpatiallyLoaded:true EditorBounds:IsValid=true, Min=(X=760.000 Y=1240.000 Z=210.000), Max=(X=760.000 Y=1240.000 Z=210.000) RuntimeBounds:IsValid=true, Min=(X=760.000 Y=1240.000 Z=210.000), Max=(X=760.000 Y=1240.000 Z=210.000) RuntimeGrid:None EditorOnly:false RuntimeOnly:false HLODRelevant:false ListedInSceneOutliner:true IsMainWorldOnly:false
 |   |   |- Guid:2FB58999456391D349DC0F86DAC136ED NativeClass:/Script/Engine.SkyLight Name:SkyLight_1 Label:SkyLight SpatiallyLoaded:false EditorBounds:IsValid=true, Min=(X=-1.000 Y=-1.000 Z=-1.000), Max=(X=600.000 Y=1830.000 Z=690.000) RuntimeBounds:IsValid=true, Min=(X=600.000 Y=1830.000 Z=690.000), Max=(X=600.000 Y=1830.000 Z=690.000) RuntimeGrid:None EditorOnly:false RuntimeOnly:false HLODRelevant:false ListedInSceneOutliner:true IsMainWorldOnly:false FolderPath:Lighting FolderGuid:963EC3EB4002CCE9759E2EBA541A873A
 |   |   |- Guid:316CF2A6494ACA4C0E4180A87D36AB8F NativeClass:/Script/Engine.ExponentialHeightFog Name:ExponentialHeightFog_0 Label:ExponentialHeightFog SpatiallyLoaded:false EditorBounds:IsValid=true, Min=(X=-5600.000 Y=-50.000 Z=-6850.000), Max=(X=-5600.000 Y=-50.000 Z=-6850.000) RuntimeBounds:IsValid=true, Min=(X=-5600.000 Y=-50.000 Z=-6850.000), Max=(X=-5600.000 Y=-50.000 Z=-6850.000) RuntimeGrid:None EditorOnly:false RuntimeOnly:false HLODRelevant:false ListedInSceneOutliner:true IsMainWorldOnly:false FolderPath:Lighting FolderGuid:963EC3EB4002CCE9759E2EBA541A873A
 |   |   |- Guid:3A00AA1C422CE54C0BDB60BAF471BFBB NativeClass:/Script/Engine.PlayerStart Name:PlayerStart_0 Label:PlayerStart SpatiallyLoaded:false EditorBounds:IsValid=true, Min=(X=772.000 Y=-138.000 Z=174.013), Max=(X=1140.000 Y=118.000 Z=430.013) RuntimeBounds:IsValid=true, Min=(X=860.000 Y=-50.000 Z=210.013), Max=(X=940.000 Y=30.000 Z=394.013) RuntimeGrid:None EditorOnly:false RuntimeOnly:false HLODRelevant:false ListedInSceneOutliner:true IsMainWorldOnly:false
 |   |   |- Guid:419CD7AA4156F7C0EF105EACB3672B4B NativeClass:/Script/Engine.StaticMeshActor Name:StaticMeshActor_UAID_5405DBE7D95EC84402_1920172503 Label:bubble1 SpatiallyLoaded:true EditorBounds:IsValid=true, Min=(X=804.000 Y=1418.400 Z=94.000), Max=(X=836.000 Y=1450.400 Z=126.000) RuntimeBounds:IsValid=true, Min=(X=804.000 Y=1418.400 Z=94.000), Max=(X=836.000 Y=1450.400 Z=126.000) RuntimeGrid:None EditorOnly:false RuntimeOnly:false HLODRelevant:true ListedInSceneOutliner:true IsMainWorldOnly:false
 |   |   |- Guid:4D3BE93F4146AAAC8BBE79999D96D57F NativeClass:/Script/Engine.VolumetricCloud Name:VolumetricCloud_0 Label:VolumetricCloud SpatiallyLoaded:false EditorBounds:IsValid=true, Min=(X=472.000 Y=-128.000 Z=-1068.000), Max=(X=728.000 Y=128.000 Z=-812.000) RuntimeBounds:IsValid=true, Min=(X=600.000 Y=0.000 Z=-940.000), Max=(X=600.000 Y=0.000 Z=-940.000) RuntimeGrid:None EditorOnly:false RuntimeOnly:false HLODRelevant:false ListedInSceneOutliner:true IsMainWorldOnly:false FolderPath:Lighting FolderGuid:963EC3EB4002CCE9759E2EBA541A873A
 |   |   |- Guid:4D58A926420111A38D89E4BA9E1FB76F NativeClass:/Script/Engine.StaticMeshActor Name:StaticMeshActor_UAID_5405DBE7D95EBC4502_1224748447 Label:SM_Cube7 SpatiallyLoaded:true EditorBounds:IsValid=true, Min=(X=1200.000 Y=-1100.000 Z=0.000), Max=(X=1300.000 Y=1100.000 Z=1000.000) RuntimeBounds:IsValid=true, Min=(X=1200.000 Y=-1100.000 Z=0.000), Max=(X=1300.000 Y=1100.000 Z=1000.000) RuntimeGrid:None EditorOnly:false RuntimeOnly:false HLODRelevant:true ListedInSceneOutliner:true IsMainWorldOnly:false FolderPath:Playground FolderGuid:C73F09FC4215536B1DCE2A9E0A830C70
 |   |   |- Guid:560D31BB4C9F2FDAB547D591C48DA308 NativeClass:/Script/Engine.StaticMeshActor Name:StaticMeshActor_UAID_5405DBE7D95EC84402_2046050505 Label:SM_Floor3 SpatiallyLoaded:true EditorBounds:IsValid=true, Min=(X=410.000 Y=370.000 Z=520.000), Max=(X=510.000 Y=470.000 Z=620.000) RuntimeBounds:IsValid=true, Min=(X=410.000 Y=370.000 Z=520.000), Max=(X=510.000 Y=470.000 Z=620.000) RuntimeGrid:None EditorOnly:false RuntimeOnly:false HLODRelevant:true ListedInSceneOutliner:true IsMainWorldOnly:false FolderPath:Playground FolderGuid:C73F09FC4215536B1DCE2A9E0A830C70
 |   |   |- Guid:5B97F4A64FB21F77EFC44386BF705B4C NativeClass:/Script/Engine.TextRenderActor Name:TextRenderActor_1 Label:TextRenderActor SpatiallyLoaded:true EditorBounds:IsValid=true, Min=(X=-0.100 Y=1100.000 Z=65.013), Max=(X=-0.100 Y=2392.308 Z=215.013) RuntimeBounds:IsValid=true, Min=(X=-0.100 Y=1100.000 Z=65.013), Max=(X=-0.100 Y=2392.308 Z=215.013) RuntimeGrid:None EditorOnly:false RuntimeOnly:false HLODRelevant:false ListedInSceneOutliner:true IsMainWorldOnly:false
 |   |   |- Guid:6BAF4DDD444C60371492D3919DB42C97 NativeClass:/Script/Engine.WorldDataLayers Name:WorldDataLayers Label:WorldDataLayers SpatiallyLoaded:false EditorBounds:IsValid=true, Min=(X=0.000 Y=0.000 Z=0.000), Max=(X=0.000 Y=0.000 Z=0.000) RuntimeBounds:IsValid=true, Min=(X=0.000 Y=0.000 Z=0.000), Max=(X=0.000 Y=0.000 Z=0.000) RuntimeGrid:None EditorOnly:false RuntimeOnly:false HLODRelevant:false ListedInSceneOutliner:true IsMainWorldOnly:true
 |   |   |- Guid:713880B4458CECB4913114A9D7D6C0A6 NativeClass:/Script/Engine.StaticMeshActor Name:StaticMeshActor_UAID_5405DBE7D95EBD4502_1588932627 Label:SM_Cube11 SpatiallyLoaded:true EditorBounds:IsValid=true, Min=(X=1000.000 Y=-300.000 Z=0.000), Max=(X=1500.000 Y=400.000 Z=200.000) RuntimeBounds:IsValid=true, Min=(X=1000.000 Y=-300.000 Z=0.000), Max=(X=1500.000 Y=400.000 Z=200.000) RuntimeGrid:None EditorOnly:false RuntimeOnly:false HLODRelevant:true ListedInSceneOutliner:true IsMainWorldOnly:false FolderPath:Playground FolderGuid:C73F09FC4215536B1DCE2A9E0A830C70
 |   |   |- Guid:71E5B32444101CEE039BEA8E42FEC323 NativeClass:/Script/Engine.StaticMeshActor Name:StaticMeshActor_UAID_5405DBE7D95EBC4502_1794996448 Label:SM_Cube8 SpatiallyLoaded:true EditorBounds:IsValid=true, Min=(X=750.000 Y=-1100.000 Z=0.000), Max=(X=850.000 Y=-1000.000 Z=300.000) RuntimeBounds:IsValid=true, Min=(X=750.000 Y=-1100.000 Z=0.000), Max=(X=850.000 Y=-1000.000 Z=300.000) RuntimeGrid:None EditorOnly:false RuntimeOnly:false HLODRelevant:true ListedInSceneOutliner:true IsMainWorldOnly:false FolderPath:Playground FolderGuid:C73F09FC4215536B1DCE2A9E0A830C70
 |   |   |- Guid:932E01594D71D9E39C139F9652976F6D NativeClass:/Script/Engine.StaticMeshActor Name:StaticMeshActor_UAID_5405DBE7D95EBD4502_1583315626 Label:SM_Cube10 SpatiallyLoaded:true EditorBounds:IsValid=true, Min=(X=700.000 Y=300.000 Z=0.000), Max=(X=1200.000 Y=1000.000 Z=200.000) RuntimeBounds:IsValid=true, Min=(X=700.000 Y=300.000 Z=0.000), Max=(X=1200.000 Y=1000.000 Z=200.000) RuntimeGrid:None EditorOnly:false RuntimeOnly:false HLODRelevant:true ListedInSceneOutliner:true IsMainWorldOnly:false FolderPath:Playground FolderGuid:C73F09FC4215536B1DCE2A9E0A830C70
 |   |   |- Guid:A1B503C140F4FAE496E437A8FA7AF932 BaseClass:/Game/ThirdPerson/Blueprints/BP_Ingredient.BP_Ingredient_C NativeClass:/Script/Engine.Actor Name:BP_Ingredient_C_UAID_5405DBE7D95EEF4102_1465534199 Label:BP_Ingredient SpatiallyLoaded:true EditorBounds:IsValid=true, Min=(X=716.000 Y=-44.000 Z=316.000), Max=(X=844.000 Y=84.000 Z=444.000) RuntimeBounds:IsValid=true, Min=(X=716.000 Y=-44.000 Z=316.000), Max=(X=844.000 Y=84.000 Z=444.000) RuntimeGrid:None EditorOnly:false RuntimeOnly:false HLODRelevant:false ListedInSceneOutliner:true IsMainWorldOnly:false
 |   |   |- Guid:A56216954B2165CF0F35A886B537D536 NativeClass:/Script/Engine.StaticMeshActor Name:StaticMeshActor_0 Label:SM_Cube5 SpatiallyLoaded:true EditorBounds:IsValid=true, Min=(X=300.000 Y=-1000.000 Z=0.000), Max=(X=400.000 Y=1000.000 Z=100.000) RuntimeBounds:IsValid=true, Min=(X=300.000 Y=-1000.000 Z=0.000), Max=(X=400.000 Y=1000.000 Z=100.000) RuntimeGrid:None EditorOnly:false RuntimeOnly:false HLODRelevant:true ListedInSceneOutliner:true IsMainWorldOnly:false FolderPath:Playground FolderGuid:C73F09FC4215536B1DCE2A9E0A830C70
 |   |   |- Guid:AEEB21E84747AF10ACC39490761771F4 NativeClass:/Script/Engine.StaticMeshActor Name:StaticMeshActor_UAID_5405DBE7D95EE24302_1662037056 Label:wal_corner SpatiallyLoaded:true EditorBounds:IsValid=true, Min=(X=709.600 Y=1620.400 Z=49.600), Max=(X=710.400 Y=1630.000 Z=50.400) RuntimeBounds:IsValid=true, Min=(X=709.600 Y=1620.400 Z=49.600), Max=(X=710.400 Y=1630.000 Z=50.400) RuntimeGrid:None EditorOnly:false RuntimeOnly:false HLODRelevant:true ListedInSceneOutliner:true IsMainWorldOnly:false
 |   |   |- Guid:B785ED2844B84CFB91E7F39FE661CD99 NativeClass:/Script/Engine.DirectionalLight Name:DirectionalLight_0 Label:DirectionalLight SpatiallyLoaded:false EditorBounds:IsValid=false, Min=(X=0.000 Y=0.000 Z=0.000), Max=(X=0.000 Y=0.000 Z=0.000) RuntimeBounds:IsValid=false, Min=(X=0.000 Y=0.000 Z=0.000), Max=(X=0.000 Y=0.000 Z=0.000) RuntimeGrid:None EditorOnly:false RuntimeOnly:false HLODRelevant:false ListedInSceneOutliner:true IsMainWorldOnly:false FolderPath:Lighting FolderGuid:963EC3EB4002CCE9759E2EBA541A873A
 |   |   |- Guid:BC08B79C4EA3C961CFF75EBBE83B367D NativeClass:/Script/Engine.StaticMeshActor Name:StaticMeshActor_5 Label:SM_Cube2 SpatiallyLoaded:true EditorBounds:IsValid=true, Min=(X=0.000 Y=-1100.000 Z=0.000), Max=(X=1200.000 Y=-1000.000 Z=100.000) RuntimeBounds:IsValid=true, Min=(X=0.000 Y=-1100.000 Z=0.000), Max=(X=1200.000 Y=-1000.000 Z=100.000) RuntimeGrid:None EditorOnly:false RuntimeOnly:false HLODRelevant:true ListedInSceneOutliner:true IsMainWorldOnly:false FolderPath:Playground FolderGuid:C73F09FC4215536B1DCE2A9E0A830C70
 |   |   |- Guid:BD14D65F4615457D30A14BAF91A968D2 NativeClass:/Script/Engine.StaticMeshActor Name:StaticMeshActor_UAID_5405DBE7D95EEA4302_1603638466 Label:SM_Floor2 SpatiallyLoaded:true EditorBounds:IsValid=true, Min=(X=-2500.000 Y=-2500.000 Z=-50.000), Max=(X=7500.000 Y=7500.000 Z=0.000) RuntimeBounds:IsValid=true, Min=(X=-2500.000 Y=-2500.000 Z=-50.000), Max=(X=7500.000 Y=7500.000 Z=0.000) RuntimeGrid:None EditorOnly:false RuntimeOnly:false HLODRelevant:true ListedInSceneOutliner:true IsMainWorldOnly:false FolderPath:Playground FolderGuid:C73F09FC4215536B1DCE2A9E0A830C70
 |   |   |- Guid:BFC0B7D7492CB64E6621008CB670D33D BaseClass:/Game/ThirdPerson/Blueprints/BP_Pot.BP_Pot_C NativeClass:/Script/Engine.Actor Name:BP_Pot_C_UAID_5405DBE7D95EFD4102_1245178666 Label:BP_Pot SpatiallyLoaded:true EditorBounds:IsValid=true, Min=(X=520.000 Y=-200.000 Z=22.000), Max=(X=920.000 Y=200.000 Z=278.000) RuntimeBounds:IsValid=true, Min=(X=520.000 Y=-200.000 Z=22.000), Max=(X=920.000 Y=200.000 Z=278.000) RuntimeGrid:None EditorOnly:false RuntimeOnly:false HLODRelevant:false ListedInSceneOutliner:true IsMainWorldOnly:false
 |   |   |- Guid:CCFF262C46EEFFDF319E7F9539CE697E NativeClass:/Script/Engine.SkyAtmosphere Name:SkyAtmosphere_0 Label:SkyAtmosphere SpatiallyLoaded:false EditorBounds:IsValid=true, Min=(X=472.000 Y=-128.000 Z=892.000), Max=(X=840.000 Y=128.000 Z=1148.000) RuntimeBounds:IsValid=true, Min=(X=600.000 Y=0.000 Z=1020.000), Max=(X=600.000 Y=0.000 Z=1020.000) RuntimeGrid:None EditorOnly:false RuntimeOnly:false HLODRelevant:false ListedInSceneOutliner:true IsMainWorldOnly:false FolderPath:Lighting FolderGuid:963EC3EB4002CCE9759E2EBA541A873A
 |   |   |- Guid:D9F6E48D4CC89A219CA2E0A02BCE3DB0 NativeClass:/Script/Engine.StaticMeshActor Name:StaticMeshActor_UAID_5405DBE7D95EBD4502_1221797625 Label:SM_Cube9 SpatiallyLoaded:true EditorBounds:IsValid=true, Min=(X=600.000 Y=-600.000 Z=0.000), Max=(X=700.000 Y=-300.000 Z=100.000) RuntimeBounds:IsValid=true, Min=(X=600.000 Y=-600.000 Z=0.000), Max=(X=700.000 Y=-300.000 Z=100.000) RuntimeGrid:None EditorOnly:false RuntimeOnly:false HLODRelevant:true ListedInSceneOutliner:true IsMainWorldOnly:false FolderPath:Playground FolderGuid:C73F09FC4215536B1DCE2A9E0A830C70
 |   |   |- Guid:DF4167CC479BAE8993E147A44B0860E8 NativeClass:/Script/Engine.StaticMeshActor Name:StaticMeshActor_UAID_5405DBE7D95E044202_1391220896 Label:SM_Cube6 SpatiallyLoaded:true EditorBounds:IsValid=true, Min=(X=700.000 Y=-1000.000 Z=0.000), Max=(X=1200.000 Y=-300.000 Z=200.000) RuntimeBounds:IsValid=true, Min=(X=700.000 Y=-1000.000 Z=0.000), Max=(X=1200.000 Y=-300.000 Z=200.000) RuntimeGrid:None EditorOnly:false RuntimeOnly:false HLODRelevant:true ListedInSceneOutliner:true IsMainWorldOnly:false FolderPath:Playground FolderGuid:C73F09FC4215536B1DCE2A9E0A830C70
 |   |   |- Guid:EC4E0C944CE6AC6E784BC6BB2916EA13 NativeClass:/Script/Engine.StaticMeshActor Name:StaticMeshActor_UAID_A4AE111137DC5EFB00_1110535423 Label:SM_SkySphere SpatiallyLoaded:false EditorBounds:IsValid=true, Min=(X=-1638400.000 Y=-1638400.000 Z=-1638400.000), Max=(X=1638400.000 Y=1638400.000 Z=1638400.000) RuntimeBounds:IsValid=true, Min=(X=-1638400.000 Y=-1638400.000 Z=-1638400.000), Max=(X=1638400.000 Y=1638400.000 Z=1638400.000) RuntimeGrid:None EditorOnly:false RuntimeOnly:false HLODRelevant:false ListedInSceneOutliner:true IsMainWorldOnly:false FolderPath:Lighting FolderGuid:963EC3EB4002CCE9759E2EBA541A873A
 |   |   |- Guid:F1924B8D48954B30891B2DB6A694F9CC NativeClass:/Script/Engine.StaticMeshActor Name:StaticMeshActor_1 Label:SM_Floor SpatiallyLoaded:true EditorBounds:IsValid=true, Min=(X=390.000 Y=-1100.000 Z=0.000), Max=(X=1590.000 Y=1100.000 Z=50.000) RuntimeBounds:IsValid=true, Min=(X=390.000 Y=-1100.000 Z=0.000), Max=(X=1590.000 Y=1100.000 Z=50.000) RuntimeGrid:None EditorOnly:false RuntimeOnly:false HLODRelevant:true ListedInSceneOutliner:true IsMainWorldOnly:false FolderPath:Playground FolderGuid:C73F09FC4215536B1DCE2A9E0A830C70
 |   |   |- Guid:F5E3FEB3450C49844FD93DA8E083C8AD NativeClass:/Script/Engine.PostProcessVolume Name:PostProcessVolume_0 Label:PostProcessVolume SpatiallyLoaded:false EditorBounds:IsValid=true, Min=(X=0.000 Y=0.000 Z=400.000), Max=(X=200.000 Y=200.000 Z=600.000) RuntimeBounds:IsValid=true, Min=(X=0.000 Y=0.000 Z=400.000), Max=(X=200.000 Y=200.000 Z=600.000) RuntimeGrid:None EditorOnly:false RuntimeOnly:false HLODRelevant:false ListedInSceneOutliner:true IsMainWorldOnly:false FolderPath:Lighting FolderGuid:963EC3EB4002CCE9759E2EBA541A873A
 |   |- [+] Clusters:
 |   |   |- [+] [  0]
 |   |   |   |- Guid:083621F94A2DF03F757D6EAA29203C89 NativeClass:/Script/Engine.StaticMeshActor Name:StaticMeshActor_UAID_5405DBE7D95E044202_1353679895 Label:SM_Cube3 SpatiallyLoaded:true EditorBounds:IsValid=true, Min=(X=0.000 Y=1000.000 Z=0.000), Max=(X=1200.000 Y=1100.000 Z=100.000) RuntimeBounds:IsValid=true, Min=(X=0.000 Y=1000.000 Z=0.000), Max=(X=1200.000 Y=1100.000 Z=100.000) RuntimeGrid:None EditorOnly:false RuntimeOnly:false HLODRelevant:true ListedInSceneOutliner:true IsMainWorldOnly:false FolderPath:Playground FolderGuid:C73F09FC4215536B1DCE2A9E0A830C70
 |   |   |- [+] [  1]
 |   |   |   |- Guid:11AAFD3245C0F6BF20FB7F9268D157B3 NativeClass:/Script/Engine.StaticMeshActor Name:StaticMeshActor_UAID_5405DBE7D95EEB4302_1163207643 Label:untitled SpatiallyLoaded:true EditorBounds:IsValid=true, Min=(X=760.000 Y=1240.000 Z=210.000), Max=(X=760.000 Y=1240.000 Z=210.000) RuntimeBounds:IsValid=true, Min=(X=760.000 Y=1240.000 Z=210.000), Max=(X=760.000 Y=1240.000 Z=210.000) RuntimeGrid:None EditorOnly:false RuntimeOnly:false HLODRelevant:false ListedInSceneOutliner:true IsMainWorldOnly:false
 |   |   |- [+] [  2]
 |   |   |   |- Guid:2FB58999456391D349DC0F86DAC136ED NativeClass:/Script/Engine.SkyLight Name:SkyLight_1 Label:SkyLight SpatiallyLoaded:false EditorBounds:IsValid=true, Min=(X=-1.000 Y=-1.000 Z=-1.000), Max=(X=600.000 Y=1830.000 Z=690.000) RuntimeBounds:IsValid=true, Min=(X=600.000 Y=1830.000 Z=690.000), Max=(X=600.000 Y=1830.000 Z=690.000) RuntimeGrid:None EditorOnly:false RuntimeOnly:false HLODRelevant:false ListedInSceneOutliner:true IsMainWorldOnly:false FolderPath:Lighting FolderGuid:963EC3EB4002CCE9759E2EBA541A873A
 |   |   |- [+] [  3]
 |   |   |   |- Guid:316CF2A6494ACA4C0E4180A87D36AB8F NativeClass:/Script/Engine.ExponentialHeightFog Name:ExponentialHeightFog_0 Label:ExponentialHeightFog SpatiallyLoaded:false EditorBounds:IsValid=true, Min=(X=-5600.000 Y=-50.000 Z=-6850.000), Max=(X=-5600.000 Y=-50.000 Z=-6850.000) RuntimeBounds:IsValid=true, Min=(X=-5600.000 Y=-50.000 Z=-6850.000), Max=(X=-5600.000 Y=-50.000 Z=-6850.000) RuntimeGrid:None EditorOnly:false RuntimeOnly:false HLODRelevant:false ListedInSceneOutliner:true IsMainWorldOnly:false FolderPath:Lighting FolderGuid:963EC3EB4002CCE9759E2EBA541A873A
 |   |   |- [+] [  4]
 |   |   |   |- Guid:3A00AA1C422CE54C0BDB60BAF471BFBB NativeClass:/Script/Engine.PlayerStart Name:PlayerStart_0 Label:PlayerStart SpatiallyLoaded:false EditorBounds:IsValid=true, Min=(X=772.000 Y=-138.000 Z=174.013), Max=(X=1140.000 Y=118.000 Z=430.013) RuntimeBounds:IsValid=true, Min=(X=860.000 Y=-50.000 Z=210.013), Max=(X=940.000 Y=30.000 Z=394.013) RuntimeGrid:None EditorOnly:false RuntimeOnly:false HLODRelevant:false ListedInSceneOutliner:true IsMainWorldOnly:false
 |   |   |- [+] [  5]
 |   |   |   |- Guid:419CD7AA4156F7C0EF105EACB3672B4B NativeClass:/Script/Engine.StaticMeshActor Name:StaticMeshActor_UAID_5405DBE7D95EC84402_1920172503 Label:bubble1 SpatiallyLoaded:true EditorBounds:IsValid=true, Min=(X=804.000 Y=1418.400 Z=94.000), Max=(X=836.000 Y=1450.400 Z=126.000) RuntimeBounds:IsValid=true, Min=(X=804.000 Y=1418.400 Z=94.000), Max=(X=836.000 Y=1450.400 Z=126.000) RuntimeGrid:None EditorOnly:false RuntimeOnly:false HLODRelevant:true ListedInSceneOutliner:true IsMainWorldOnly:false
 |   |   |- [+] [  6]
 |   |   |   |- Guid:4D3BE93F4146AAAC8BBE79999D96D57F NativeClass:/Script/Engine.VolumetricCloud Name:VolumetricCloud_0 Label:VolumetricCloud SpatiallyLoaded:false EditorBounds:IsValid=true, Min=(X=472.000 Y=-128.000 Z=-1068.000), Max=(X=728.000 Y=128.000 Z=-812.000) RuntimeBounds:IsValid=true, Min=(X=600.000 Y=0.000 Z=-940.000), Max=(X=600.000 Y=0.000 Z=-940.000) RuntimeGrid:None EditorOnly:false RuntimeOnly:false HLODRelevant:false ListedInSceneOutliner:true IsMainWorldOnly:false FolderPath:Lighting FolderGuid:963EC3EB4002CCE9759E2EBA541A873A
 |   |   |- [+] [  7]
 |   |   |   |- Guid:4D58A926420111A38D89E4BA9E1FB76F NativeClass:/Script/Engine.StaticMeshActor Name:StaticMeshActor_UAID_5405DBE7D95EBC4502_1224748447 Label:SM_Cube7 SpatiallyLoaded:true EditorBounds:IsValid=true, Min=(X=1200.000 Y=-1100.000 Z=0.000), Max=(X=1300.000 Y=1100.000 Z=1000.000) RuntimeBounds:IsValid=true, Min=(X=1200.000 Y=-1100.000 Z=0.000), Max=(X=1300.000 Y=1100.000 Z=1000.000) RuntimeGrid:None EditorOnly:false RuntimeOnly:false HLODRelevant:true ListedInSceneOutliner:true IsMainWorldOnly:false FolderPath:Playground FolderGuid:C73F09FC4215536B1DCE2A9E0A830C70
 |   |   |- [+] [  8]
 |   |   |   |- Guid:560D31BB4C9F2FDAB547D591C48DA308 NativeClass:/Script/Engine.StaticMeshActor Name:StaticMeshActor_UAID_5405DBE7D95EC84402_2046050505 Label:SM_Floor3 SpatiallyLoaded:true EditorBounds:IsValid=true, Min=(X=410.000 Y=370.000 Z=520.000), Max=(X=510.000 Y=470.000 Z=620.000) RuntimeBounds:IsValid=true, Min=(X=410.000 Y=370.000 Z=520.000), Max=(X=510.000 Y=470.000 Z=620.000) RuntimeGrid:None EditorOnly:false RuntimeOnly:false HLODRelevant:true ListedInSceneOutliner:true IsMainWorldOnly:false FolderPath:Playground FolderGuid:C73F09FC4215536B1DCE2A9E0A830C70
 |   |   |- [+] [  9]
 |   |   |   |- Guid:5B97F4A64FB21F77EFC44386BF705B4C NativeClass:/Script/Engine.TextRenderActor Name:TextRenderActor_1 Label:TextRenderActor SpatiallyLoaded:true EditorBounds:IsValid=true, Min=(X=-0.100 Y=1100.000 Z=65.013), Max=(X=-0.100 Y=2392.308 Z=215.013) RuntimeBounds:IsValid=true, Min=(X=-0.100 Y=1100.000 Z=65.013), Max=(X=-0.100 Y=2392.308 Z=215.013) RuntimeGrid:None EditorOnly:false RuntimeOnly:false HLODRelevant:false ListedInSceneOutliner:true IsMainWorldOnly:false
 |   |   |- [+] [ 10]
 |   |   |   |- Guid:6BAF4DDD444C60371492D3919DB42C97 NativeClass:/Script/Engine.WorldDataLayers Name:WorldDataLayers Label:WorldDataLayers SpatiallyLoaded:false EditorBounds:IsValid=true, Min=(X=0.000 Y=0.000 Z=0.000), Max=(X=0.000 Y=0.000 Z=0.000) RuntimeBounds:IsValid=true, Min=(X=0.000 Y=0.000 Z=0.000), Max=(X=0.000 Y=0.000 Z=0.000) RuntimeGrid:None EditorOnly:false RuntimeOnly:false HLODRelevant:false ListedInSceneOutliner:true IsMainWorldOnly:true
 |   |   |- [+] [ 11]
 |   |   |   |- Guid:713880B4458CECB4913114A9D7D6C0A6 NativeClass:/Script/Engine.StaticMeshActor Name:StaticMeshActor_UAID_5405DBE7D95EBD4502_1588932627 Label:SM_Cube11 SpatiallyLoaded:true EditorBounds:IsValid=true, Min=(X=1000.000 Y=-300.000 Z=0.000), Max=(X=1500.000 Y=400.000 Z=200.000) RuntimeBounds:IsValid=true, Min=(X=1000.000 Y=-300.000 Z=0.000), Max=(X=1500.000 Y=400.000 Z=200.000) RuntimeGrid:None EditorOnly:false RuntimeOnly:false HLODRelevant:true ListedInSceneOutliner:true IsMainWorldOnly:false FolderPath:Playground FolderGuid:C73F09FC4215536B1DCE2A9E0A830C70
 |   |   |- [+] [ 12]
 |   |   |   |- Guid:71E5B32444101CEE039BEA8E42FEC323 NativeClass:/Script/Engine.StaticMeshActor Name:StaticMeshActor_UAID_5405DBE7D95EBC4502_1794996448 Label:SM_Cube8 SpatiallyLoaded:true EditorBounds:IsValid=true, Min=(X=750.000 Y=-1100.000 Z=0.000), Max=(X=850.000 Y=-1000.000 Z=300.000) RuntimeBounds:IsValid=true, Min=(X=750.000 Y=-1100.000 Z=0.000), Max=(X=850.000 Y=-1000.000 Z=300.000) RuntimeGrid:None EditorOnly:false RuntimeOnly:false HLODRelevant:true ListedInSceneOutliner:true IsMainWorldOnly:false FolderPath:Playground FolderGuid:C73F09FC4215536B1DCE2A9E0A830C70
 |   |   |- [+] [ 13]
 |   |   |   |- Guid:932E01594D71D9E39C139F9652976F6D NativeClass:/Script/Engine.StaticMeshActor Name:StaticMeshActor_UAID_5405DBE7D95EBD4502_1583315626 Label:SM_Cube10 SpatiallyLoaded:true EditorBounds:IsValid=true, Min=(X=700.000 Y=300.000 Z=0.000), Max=(X=1200.000 Y=1000.000 Z=200.000) RuntimeBounds:IsValid=true, Min=(X=700.000 Y=300.000 Z=0.000), Max=(X=1200.000 Y=1000.000 Z=200.000) RuntimeGrid:None EditorOnly:false RuntimeOnly:false HLODRelevant:true ListedInSceneOutliner:true IsMainWorldOnly:false FolderPath:Playground FolderGuid:C73F09FC4215536B1DCE2A9E0A830C70
 |   |   |- [+] [ 14]
 |   |   |   |- Guid:A1B503C140F4FAE496E437A8FA7AF932 BaseClass:/Game/ThirdPerson/Blueprints/BP_Ingredient.BP_Ingredient_C NativeClass:/Script/Engine.Actor Name:BP_Ingredient_C_UAID_5405DBE7D95EEF4102_1465534199 Label:BP_Ingredient SpatiallyLoaded:true EditorBounds:IsValid=true, Min=(X=716.000 Y=-44.000 Z=316.000), Max=(X=844.000 Y=84.000 Z=444.000) RuntimeBounds:IsValid=true, Min=(X=716.000 Y=-44.000 Z=316.000), Max=(X=844.000 Y=84.000 Z=444.000) RuntimeGrid:None EditorOnly:false RuntimeOnly:false HLODRelevant:false ListedInSceneOutliner:true IsMainWorldOnly:false
 |   |   |- [+] [ 15]
 |   |   |   |- Guid:A56216954B2165CF0F35A886B537D536 NativeClass:/Script/Engine.StaticMeshActor Name:StaticMeshActor_0 Label:SM_Cube5 SpatiallyLoaded:true EditorBounds:IsValid=true, Min=(X=300.000 Y=-1000.000 Z=0.000), Max=(X=400.000 Y=1000.000 Z=100.000) RuntimeBounds:IsValid=true, Min=(X=300.000 Y=-1000.000 Z=0.000), Max=(X=400.000 Y=1000.000 Z=100.000) RuntimeGrid:None EditorOnly:false RuntimeOnly:false HLODRelevant:true ListedInSceneOutliner:true IsMainWorldOnly:false FolderPath:Playground FolderGuid:C73F09FC4215536B1DCE2A9E0A830C70
 |   |   |- [+] [ 16]
 |   |   |   |- Guid:AEEB21E84747AF10ACC39490761771F4 NativeClass:/Script/Engine.StaticMeshActor Name:StaticMeshActor_UAID_5405DBE7D95EE24302_1662037056 Label:wal_corner SpatiallyLoaded:true EditorBounds:IsValid=true, Min=(X=709.600 Y=1620.400 Z=49.600), Max=(X=710.400 Y=1630.000 Z=50.400) RuntimeBounds:IsValid=true, Min=(X=709.600 Y=1620.400 Z=49.600), Max=(X=710.400 Y=1630.000 Z=50.400) RuntimeGrid:None EditorOnly:false RuntimeOnly:false HLODRelevant:true ListedInSceneOutliner:true IsMainWorldOnly:false
 |   |   |- [+] [ 17]
 |   |   |   |- Guid:B785ED2844B84CFB91E7F39FE661CD99 NativeClass:/Script/Engine.DirectionalLight Name:DirectionalLight_0 Label:DirectionalLight SpatiallyLoaded:false EditorBounds:IsValid=false, Min=(X=0.000 Y=0.000 Z=0.000), Max=(X=0.000 Y=0.000 Z=0.000) RuntimeBounds:IsValid=false, Min=(X=0.000 Y=0.000 Z=0.000), Max=(X=0.000 Y=0.000 Z=0.000) RuntimeGrid:None EditorOnly:false RuntimeOnly:false HLODRelevant:false ListedInSceneOutliner:true IsMainWorldOnly:false FolderPath:Lighting FolderGuid:963EC3EB4002CCE9759E2EBA541A873A
 |   |   |- [+] [ 18]
 |   |   |   |- Guid:BC08B79C4EA3C961CFF75EBBE83B367D NativeClass:/Script/Engine.StaticMeshActor Name:StaticMeshActor_5 Label:SM_Cube2 SpatiallyLoaded:true EditorBounds:IsValid=true, Min=(X=0.000 Y=-1100.000 Z=0.000), Max=(X=1200.000 Y=-1000.000 Z=100.000) RuntimeBounds:IsValid=true, Min=(X=0.000 Y=-1100.000 Z=0.000), Max=(X=1200.000 Y=-1000.000 Z=100.000) RuntimeGrid:None EditorOnly:false RuntimeOnly:false HLODRelevant:true ListedInSceneOutliner:true IsMainWorldOnly:false FolderPath:Playground FolderGuid:C73F09FC4215536B1DCE2A9E0A830C70
 |   |   |- [+] [ 19]
 |   |   |   |- Guid:BD14D65F4615457D30A14BAF91A968D2 NativeClass:/Script/Engine.StaticMeshActor Name:StaticMeshActor_UAID_5405DBE7D95EEA4302_1603638466 Label:SM_Floor2 SpatiallyLoaded:true EditorBounds:IsValid=true, Min=(X=-2500.000 Y=-2500.000 Z=-50.000), Max=(X=7500.000 Y=7500.000 Z=0.000) RuntimeBounds:IsValid=true, Min=(X=-2500.000 Y=-2500.000 Z=-50.000), Max=(X=7500.000 Y=7500.000 Z=0.000) RuntimeGrid:None EditorOnly:false RuntimeOnly:false HLODRelevant:true ListedInSceneOutliner:true IsMainWorldOnly:false FolderPath:Playground FolderGuid:C73F09FC4215536B1DCE2A9E0A830C70
 |   |   |- [+] [ 20]
 |   |   |   |- Guid:BFC0B7D7492CB64E6621008CB670D33D BaseClass:/Game/ThirdPerson/Blueprints/BP_Pot.BP_Pot_C NativeClass:/Script/Engine.Actor Name:BP_Pot_C_UAID_5405DBE7D95EFD4102_1245178666 Label:BP_Pot SpatiallyLoaded:true EditorBounds:IsValid=true, Min=(X=520.000 Y=-200.000 Z=22.000), Max=(X=920.000 Y=200.000 Z=278.000) RuntimeBounds:IsValid=true, Min=(X=520.000 Y=-200.000 Z=22.000), Max=(X=920.000 Y=200.000 Z=278.000) RuntimeGrid:None EditorOnly:false RuntimeOnly:false HLODRelevant:false ListedInSceneOutliner:true IsMainWorldOnly:false
 |   |   |- [+] [ 21]
 |   |   |   |- Guid:CCFF262C46EEFFDF319E7F9539CE697E NativeClass:/Script/Engine.SkyAtmosphere Name:SkyAtmosphere_0 Label:SkyAtmosphere SpatiallyLoaded:false EditorBounds:IsValid=true, Min=(X=472.000 Y=-128.000 Z=892.000), Max=(X=840.000 Y=128.000 Z=1148.000) RuntimeBounds:IsValid=true, Min=(X=600.000 Y=0.000 Z=1020.000), Max=(X=600.000 Y=0.000 Z=1020.000) RuntimeGrid:None EditorOnly:false RuntimeOnly:false HLODRelevant:false ListedInSceneOutliner:true IsMainWorldOnly:false FolderPath:Lighting FolderGuid:963EC3EB4002CCE9759E2EBA541A873A
 |   |   |- [+] [ 22]
 |   |   |   |- Guid:D9F6E48D4CC89A219CA2E0A02BCE3DB0 NativeClass:/Script/Engine.StaticMeshActor Name:StaticMeshActor_UAID_5405DBE7D95EBD4502_1221797625 Label:SM_Cube9 SpatiallyLoaded:true EditorBounds:IsValid=true, Min=(X=600.000 Y=-600.000 Z=0.000), Max=(X=700.000 Y=-300.000 Z=100.000) RuntimeBounds:IsValid=true, Min=(X=600.000 Y=-600.000 Z=0.000), Max=(X=700.000 Y=-300.000 Z=100.000) RuntimeGrid:None EditorOnly:false RuntimeOnly:false HLODRelevant:true ListedInSceneOutliner:true IsMainWorldOnly:false FolderPath:Playground FolderGuid:C73F09FC4215536B1DCE2A9E0A830C70
 |   |   |- [+] [ 23]
 |   |   |   |- Guid:DF4167CC479BAE8993E147A44B0860E8 NativeClass:/Script/Engine.StaticMeshActor Name:StaticMeshActor_UAID_5405DBE7D95E044202_1391220896 Label:SM_Cube6 SpatiallyLoaded:true EditorBounds:IsValid=true, Min=(X=700.000 Y=-1000.000 Z=0.000), Max=(X=1200.000 Y=-300.000 Z=200.000) RuntimeBounds:IsValid=true, Min=(X=700.000 Y=-1000.000 Z=0.000), Max=(X=1200.000 Y=-300.000 Z=200.000) RuntimeGrid:None EditorOnly:false RuntimeOnly:false HLODRelevant:true ListedInSceneOutliner:true IsMainWorldOnly:false FolderPath:Playground FolderGuid:C73F09FC4215536B1DCE2A9E0A830C70
 |   |   |- [+] [ 24]
 |   |   |   |- Guid:EC4E0C944CE6AC6E784BC6BB2916EA13 NativeClass:/Script/Engine.StaticMeshActor Name:StaticMeshActor_UAID_A4AE111137DC5EFB00_1110535423 Label:SM_SkySphere SpatiallyLoaded:false EditorBounds:IsValid=true, Min=(X=-1638400.000 Y=-1638400.000 Z=-1638400.000), Max=(X=1638400.000 Y=1638400.000 Z=1638400.000) RuntimeBounds:IsValid=true, Min=(X=-1638400.000 Y=-1638400.000 Z=-1638400.000), Max=(X=1638400.000 Y=1638400.000 Z=1638400.000) RuntimeGrid:None EditorOnly:false RuntimeOnly:false HLODRelevant:false ListedInSceneOutliner:true IsMainWorldOnly:false FolderPath:Lighting FolderGuid:963EC3EB4002CCE9759E2EBA541A873A
 |   |   |- [+] [ 25]
 |   |   |   |- Guid:F1924B8D48954B30891B2DB6A694F9CC NativeClass:/Script/Engine.StaticMeshActor Name:StaticMeshActor_1 Label:SM_Floor SpatiallyLoaded:true EditorBounds:IsValid=true, Min=(X=390.000 Y=-1100.000 Z=0.000), Max=(X=1590.000 Y=1100.000 Z=50.000) RuntimeBounds:IsValid=true, Min=(X=390.000 Y=-1100.000 Z=0.000), Max=(X=1590.000 Y=1100.000 Z=50.000) RuntimeGrid:None EditorOnly:false RuntimeOnly:false HLODRelevant:true ListedInSceneOutliner:true IsMainWorldOnly:false FolderPath:Playground FolderGuid:C73F09FC4215536B1DCE2A9E0A830C70
 |   |   |- [+] [ 26]
 |   |   |   |- Guid:F5E3FEB3450C49844FD93DA8E083C8AD NativeClass:/Script/Engine.PostProcessVolume Name:PostProcessVolume_0 Label:PostProcessVolume SpatiallyLoaded:false EditorBounds:IsValid=true, Min=(X=0.000 Y=0.000 Z=400.000), Max=(X=200.000 Y=200.000 Z=600.000) RuntimeBounds:IsValid=true, Min=(X=0.000 Y=0.000 Z=400.000), Max=(X=200.000 Y=200.000 Z=600.000) RuntimeGrid:None EditorOnly:false RuntimeOnly:false HLODRelevant:false ListedInSceneOutliner:true IsMainWorldOnly:false FolderPath:Lighting FolderGuid:963EC3EB4002CCE9759E2EBA541A873A
 |- ContainerInstances:
 |- [+] MainContainer:
 |   |-        ID: 00000000000000000000000000000000
 |   |-  ParentID: 00000000000000000000000000000000
 |   |-    Bounds: IsValid=false, Min=(X=0.000 Y=0.000 Z=0.000), Max=(X=0.000 Y=0.000 Z=0.000)
 |   |- Transform: 0.000000,0.000000,0.000000|0.000000,0.000000,-0.000000|1.000000,1.000000,1.000000
 |   |- Container: /Game/ThirdPerson/Maps/ThirdPersonMap
----------------------------------------------------------------------------------------------------------------
ThirdPersonMap - Persistent Level
----------------------------------------------------------------------------------------------------------------
[+] Content of ThirdPersonMap Persistent Level
 |- Always loaded Actor Count: 27 
 |- Actor Path: /Game/ThirdPerson/Maps/ThirdPersonMap.ThirdPersonMap:PersistentLevel.BP_Ingredient_C_UAID_5405DBE7D95EEF4102_1465534199
 |- Actor Package: /Game/__ExternalActors__/ThirdPerson/Maps/ThirdPersonMap/8/9P/1I47QJZYNW78QC3EYDH5J1
 |- Actor Path: /Game/ThirdPerson/Maps/ThirdPersonMap.ThirdPersonMap:PersistentLevel.BP_Pot_C_UAID_5405DBE7D95EFD4102_1245178666
 |- Actor Package: /Game/__ExternalActors__/ThirdPerson/Maps/ThirdPersonMap/0/YV/WC16PUNDMH2K4AJYTL5H7N
 |- Actor Path: /Game/ThirdPerson/Maps/ThirdPersonMap.ThirdPersonMap:PersistentLevel.DirectionalLight_0
 |- Actor Package: /Game/__ExternalActors__/ThirdPerson/Maps/ThirdPersonMap/5/R1/TS5OQ5CRUWFZYL1ZQ7I416
 |- Actor Path: /Game/ThirdPerson/Maps/ThirdPersonMap.ThirdPersonMap:PersistentLevel.ExponentialHeightFog_0
 |- Actor Package: /Game/__ExternalActors__/ThirdPerson/Maps/ThirdPersonMap/6/J7/N10XDC9G27EMLS5AGZ6AVV
 |- Actor Path: /Game/ThirdPerson/Maps/ThirdPersonMap.ThirdPersonMap:PersistentLevel.PlayerStart_0
 |- Actor Package: /Game/__ExternalActors__/ThirdPerson/Maps/ThirdPersonMap/D/DE/SWSI13675DVYIZ0N4NF7Y3
 |- Actor Path: /Game/ThirdPerson/Maps/ThirdPersonMap.ThirdPersonMap:PersistentLevel.PostProcessVolume_0
 |- Actor Package: /Game/__ExternalActors__/ThirdPerson/Maps/ThirdPersonMap/1/AZ/A7GPT109Y6ZTTJD4A7TXER
 |- Actor Path: /Game/ThirdPerson/Maps/ThirdPersonMap.ThirdPersonMap:PersistentLevel.SkyAtmosphere_0
 |- Actor Package: /Game/__ExternalActors__/ThirdPerson/Maps/ThirdPersonMap/4/LN/30UBDLYFFA5ZR7U4W4L4GG
 |- Actor Path: /Game/ThirdPerson/Maps/ThirdPersonMap.ThirdPersonMap:PersistentLevel.SkyLight_1
 |- Actor Package: /Game/__ExternalActors__/ThirdPerson/Maps/ThirdPersonMap/8/S1/DXUWD12MD3HRWVVXX076BY
 |- Actor Path: /Game/ThirdPerson/Maps/ThirdPersonMap.ThirdPersonMap:PersistentLevel.StaticMeshActor_0
 |- Actor Package: /Game/__ExternalActors__/ThirdPerson/Maps/ThirdPersonMap/A/MS/MRHJREJ6H7USQYWF1KO8F6
 |- Actor Path: /Game/ThirdPerson/Maps/ThirdPersonMap.ThirdPersonMap:PersistentLevel.StaticMeshActor_1
 |- Actor Package: /Game/__ExternalActors__/ThirdPerson/Maps/ThirdPersonMap/6/YO/NG2R9BPZVA7ZDN0Z4VSTG6
 |- Actor Path: /Game/ThirdPerson/Maps/ThirdPersonMap.ThirdPersonMap:PersistentLevel.StaticMeshActor_5
 |- Actor Package: /Game/__ExternalActors__/ThirdPerson/Maps/ThirdPersonMap/C/QF/BY1DA5CRGQSAMOTK8RA8KR
 |- Actor Path: /Game/ThirdPerson/Maps/ThirdPersonMap.ThirdPersonMap:PersistentLevel.StaticMeshActor_UAID_5405DBE7D95E044202_1353679895
 |- Actor Package: /Game/__ExternalActors__/ThirdPerson/Maps/ThirdPersonMap/4/YT/OODR3BCA3AWY50J4RHD4UU
 |- Actor Path: /Game/ThirdPerson/Maps/ThirdPersonMap.ThirdPersonMap:PersistentLevel.StaticMeshActor_UAID_5405DBE7D95E044202_1391220896
 |- Actor Package: /Game/__ExternalActors__/ThirdPerson/Maps/ThirdPersonMap/6/7O/5T1QLZJ5FWXAKSQEPGELKW
 |- Actor Path: /Game/ThirdPerson/Maps/ThirdPersonMap.ThirdPersonMap:PersistentLevel.StaticMeshActor_UAID_5405DBE7D95EBC4502_1224748447
 |- Actor Package: /Game/__ExternalActors__/ThirdPerson/Maps/ThirdPersonMap/1/GF/CPT2A55OS9F4RQABIQCHH2
 |- Actor Path: /Game/ThirdPerson/Maps/ThirdPersonMap.ThirdPersonMap:PersistentLevel.StaticMeshActor_UAID_5405DBE7D95EBC4502_1794996448
 |- Actor Package: /Game/__ExternalActors__/ThirdPerson/Maps/ThirdPersonMap/0/QW/6R5LQ0VY70TOJFZUP1DRMW
 |- Actor Path: /Game/ThirdPerson/Maps/ThirdPersonMap.ThirdPersonMap:PersistentLevel.StaticMeshActor_UAID_5405DBE7D95EBD4502_1221797625
 |- Actor Package: /Game/__ExternalActors__/ThirdPerson/Maps/ThirdPersonMap/E/LX/43WUQOR88HSGYNWJTTUD0G
 |- Actor Path: /Game/ThirdPerson/Maps/ThirdPersonMap.ThirdPersonMap:PersistentLevel.StaticMeshActor_UAID_5405DBE7D95EBD4502_1583315626
 |- Actor Package: /Game/__ExternalActors__/ThirdPerson/Maps/ThirdPersonMap/4/JI/S9LCSZZKDN6KJF7BWKKIS1
 |- Actor Path: /Game/ThirdPerson/Maps/ThirdPersonMap.ThirdPersonMap:PersistentLevel.StaticMeshActor_UAID_5405DBE7D95EBD4502_1588932627
 |- Actor Package: /Game/__ExternalActors__/ThirdPerson/Maps/ThirdPersonMap/C/E3/NLBNHS95II02R1GGZVHTI9
 |- Actor Path: /Game/ThirdPerson/Maps/ThirdPersonMap.ThirdPersonMap:PersistentLevel.StaticMeshActor_UAID_5405DBE7D95EC84402_1920172503
 |- Actor Package: /Game/__ExternalActors__/ThirdPerson/Maps/ThirdPersonMap/9/EW/62KBM2TVZO28HN8NKB9C6I
 |- Actor Path: /Game/ThirdPerson/Maps/ThirdPersonMap.ThirdPersonMap:PersistentLevel.StaticMeshActor_UAID_5405DBE7D95EC84402_2046050505
 |- Actor Package: /Game/__ExternalActors__/ThirdPerson/Maps/ThirdPersonMap/9/UZ/ZL10883A1U40V39AXSZK04
 |- Actor Path: /Game/ThirdPerson/Maps/ThirdPersonMap.ThirdPersonMap:PersistentLevel.StaticMeshActor_UAID_5405DBE7D95EE24302_1662037056
 |- Actor Package: /Game/__ExternalActors__/ThirdPerson/Maps/ThirdPersonMap/6/VK/5YDI8Q393BW32Y0MIBQVDN
 |- Actor Path: /Game/ThirdPerson/Maps/ThirdPersonMap.ThirdPersonMap:PersistentLevel.StaticMeshActor_UAID_5405DBE7D95EEA4302_1603638466
 |- Actor Package: /Game/__ExternalActors__/ThirdPerson/Maps/ThirdPersonMap/2/XK/MZWNZS8L5Q0XJE6IKN6KMW
 |- Actor Path: /Game/ThirdPerson/Maps/ThirdPersonMap.ThirdPersonMap:PersistentLevel.StaticMeshActor_UAID_5405DBE7D95EEB4302_1163207643
 |- Actor Package: /Game/__ExternalActors__/ThirdPerson/Maps/ThirdPersonMap/8/NK/MFDQNJ7PTEIF7TFS78OX11
 |- Actor Path: /Game/ThirdPerson/Maps/ThirdPersonMap.ThirdPersonMap:PersistentLevel.StaticMeshActor_UAID_A4AE111137DC5EFB00_1110535423
 |- Actor Package: /Game/__ExternalActors__/ThirdPerson/Maps/ThirdPersonMap/4/PN/2QISIGK5DJNQ05US8O8FXW
 |- Actor Path: /Game/ThirdPerson/Maps/ThirdPersonMap.ThirdPersonMap:PersistentLevel.TextRenderActor_1
 |- Actor Package: /Game/__ExternalActors__/ThirdPerson/Maps/ThirdPersonMap/1/WU/NB37RT5Q32Z8MJWD8BD2SO
 |- Actor Path: /Game/ThirdPerson/Maps/ThirdPersonMap.ThirdPersonMap:PersistentLevel.VolumetricCloud_0
 |- Actor Package: /Game/__ExternalActors__/ThirdPerson/Maps/ThirdPersonMap/3/EY/87SHEJN5UBEAN2K5OV1G6R
 |- Actor Path: /Game/ThirdPerson/Maps/ThirdPersonMap.ThirdPersonMap:PersistentLevel.WorldDataLayers
 |- Actor Package: /Game/__ExternalActors__/ThirdPerson/Maps/ThirdPersonMap/0/43/HYQWORMY4JDQ5X3OKZXFLC

----------------------------------------------------------------------------------------------------------------
ThirdPersonMap - Runtime Hash Set
----------------------------------------------------------------------------------------------------------------

