[+] Containers:
 |- [+] Container: /Game/ThirdPerson/Maps/ThirdPersonMap
 |   |- [+] ActorDescs:
 |   |   |- Guid:083621F94A2DF03F757D6EAA29203C89 NativeClass:/Script/Engine.StaticMeshActor Name:StaticMeshActor_UAID_5405DBE7D95E044202_1353679895 Label:SM_Cube3 SpatiallyLoaded:true EditorBounds:IsValid=true, Min=(X=-1250.000 Y=600.000 Z=0.000), Max=(X=1250.000 Y=700.000 Z=100.000) RuntimeBounds:IsValid=true, Min=(X=-1250.000 Y=600.000 Z=0.000), Max=(X=1250.000 Y=700.000 Z=100.000) RuntimeGrid:None EditorOnly:false RuntimeOnly:false HLODRelevant:true ListedInSceneOutliner:true IsMainWorldOnly:false FolderPath:Playground FolderGuid:C73F09FC4215536B1DCE2A9E0A830C70
 |   |   |- Guid:12F6C303424137C0061540BDD6FF4184 NativeClass:/Script/Engine.StaticMeshActor Name:StaticMeshActor_UAID_5405DBE7D95ECD4502_1766186460 Label:SM_Cube9 SpatiallyLoaded:true EditorBounds:IsValid=true, Min=(X=1350.000 Y=180.000 Z=-160.000), Max=(X=1450.000 Y=2380.000 Z=840.000) RuntimeBounds:IsValid=true, Min=(X=1350.000 Y=180.000 Z=-160.000), Max=(X=1450.000 Y=2380.000 Z=840.000) RuntimeGrid:None EditorOnly:false RuntimeOnly:false HLODRelevant:true ListedInSceneOutliner:true IsMainWorldOnly:false FolderPath:Playground FolderGuid:C73F09FC4215536B1DCE2A9E0A830C70
 |   |   |- Guid:189B276A43F19C4DD7243A87EC46F7FD BaseClass:/Game/ThirdPerson/Blueprints/BP_Slowgredient.BP_Slowgredient_C NativeClass:/Script/Engine.Actor Name:BP_Slowgredient_C_UAID_5405DBE7D95ECE4502_1412182639 Label:BP_Slowgredient SpatiallyLoaded:true EditorBounds:IsValid=true, Min=(X=-300.000 Y=-100.000 Z=300.000), Max=(X=-200.000 Y=0.000 Z=400.000) RuntimeBounds:IsValid=true, Min=(X=-300.000 Y=-100.000 Z=300.000), Max=(X=-200.000 Y=0.000 Z=400.000) RuntimeGrid:None EditorOnly:false RuntimeOnly:false HLODRelevant:false ListedInSceneOutliner:true IsMainWorldOnly:false
 |   |   |- Guid:2FB58999456391D349DC0F86DAC136ED NativeClass:/Script/Engine.SkyLight Name:SkyLight_1 Label:SkyLight SpatiallyLoaded:false EditorBounds:IsValid=true, Min=(X=-1.000 Y=-60.000 Z=-1.000), Max=(X=320.000 Y=1.000 Z=690.000) RuntimeBounds:IsValid=true, Min=(X=320.000 Y=-60.000 Z=690.000), Max=(X=320.000 Y=-60.000 Z=690.000) RuntimeGrid:None EditorOnly:false RuntimeOnly:false HLODRelevant:false ListedInSceneOutliner:true IsMainWorldOnly:false FolderPath:Lighting FolderGuid:963EC3EB4002CCE9759E2EBA541A873A
 |   |   |- Guid:316CF2A6494ACA4C0E4180A87D36AB8F NativeClass:/Script/Engine.ExponentialHeightFog Name:ExponentialHeightFog_0 Label:ExponentialHeightFog SpatiallyLoaded:false EditorBounds:IsValid=true, Min=(X=-5600.000 Y=-50.000 Z=-6850.000), Max=(X=-5600.000 Y=-50.000 Z=-6850.000) RuntimeBounds:IsValid=true, Min=(X=-5600.000 Y=-50.000 Z=-6850.000), Max=(X=-5600.000 Y=-50.000 Z=-6850.000) RuntimeGrid:None EditorOnly:false RuntimeOnly:false HLODRelevant:false ListedInSceneOutliner:true IsMainWorldOnly:false FolderPath:Lighting FolderGuid:963EC3EB4002CCE9759E2EBA541A873A
 |   |   |- Guid:3A00AA1C422CE54C0BDB60BAF471BFBB NativeClass:/Script/Engine.PlayerStart Name:PlayerStart_0 Label:PlayerStart SpatiallyLoaded:false EditorBounds:IsValid=true, Min=(X=772.000 Y=-138.000 Z=174.013), Max=(X=1140.000 Y=118.000 Z=430.013) RuntimeBounds:IsValid=true, Min=(X=860.000 Y=-50.000 Z=210.013), Max=(X=940.000 Y=30.000 Z=394.013) RuntimeGrid:None EditorOnly:false RuntimeOnly:false HLODRelevant:false ListedInSceneOutliner:true IsMainWorldOnly:false
 |   |   |- Guid:4D3BE93F4146AAAC8BBE79999D96D57F NativeClass:/Script/Engine.VolumetricCloud Name:VolumetricCloud_0 Label:VolumetricCloud SpatiallyLoaded:false EditorBounds:IsValid=true, Min=(X=672.000 Y=-128.000 Z=-128.000), Max=(X=928.000 Y=128.000 Z=128.000) RuntimeBounds:IsValid=true, Min=(X=800.000 Y=0.000 Z=0.000), Max=(X=800.000 Y=0.000 Z=0.000) RuntimeGrid:None EditorOnly:false RuntimeOnly:false HLODRelevant:false ListedInSceneOutliner:true IsMainWorldOnly:false FolderPath:Lighting FolderGuid:963EC3EB4002CCE9759E2EBA541A873A
 |   |   |- Guid:4D58A926420111A38D89E4BA9E1FB76F NativeClass:/Script/Engine.StaticMeshActor Name:StaticMeshActor_UAID_5405DBE7D95EBC4502_1224748447 Label:SM_Cube7 SpatiallyLoaded:true EditorBounds:IsValid=true, Min=(X=1350.000 Y=-2410.000 Z=-160.000), Max=(X=1450.000 Y=-210.000 Z=840.000) RuntimeBounds:IsValid=true, Min=(X=1350.000 Y=-2410.000 Z=-160.000), Max=(X=1450.000 Y=-210.000 Z=840.000) RuntimeGrid:None EditorOnly:false RuntimeOnly:false HLODRelevant:true ListedInSceneOutliner:true IsMainWorldOnly:false FolderPath:Playground FolderGuid:C73F09FC4215536B1DCE2A9E0A830C70
 |   |   |- Guid:560D31BB4C9F2FDAB547D591C48DA308 NativeClass:/Script/Engine.StaticMeshActor Name:StaticMeshActor_UAID_5405DBE7D95EC84402_2046050505 Label:SM_Floor3 SpatiallyLoaded:true EditorBounds:IsValid=true, Min=(X=410.000 Y=230.000 Z=540.000), Max=(X=510.000 Y=330.000 Z=640.000) RuntimeBounds:IsValid=true, Min=(X=410.000 Y=230.000 Z=540.000), Max=(X=510.000 Y=330.000 Z=640.000) RuntimeGrid:None EditorOnly:false RuntimeOnly:false HLODRelevant:true ListedInSceneOutliner:true IsMainWorldOnly:false FolderPath:Playground FolderGuid:C73F09FC4215536B1DCE2A9E0A830C70
 |   |   |- Guid:5B97F4A64FB21F77EFC44386BF705B4C NativeClass:/Script/Engine.TextRenderActor Name:TextRenderActor_1 Label:TextRenderActor SpatiallyLoaded:true EditorBounds:IsValid=true, Min=(X=-0.100 Y=1100.000 Z=65.013), Max=(X=-0.100 Y=2392.308 Z=215.013) RuntimeBounds:IsValid=true, Min=(X=-0.100 Y=1100.000 Z=65.013), Max=(X=-0.100 Y=2392.308 Z=215.013) RuntimeGrid:None EditorOnly:false RuntimeOnly:false HLODRelevant:false ListedInSceneOutliner:true IsMainWorldOnly:false
 |   |   |- Guid:6BAF4DDD444C60371492D3919DB42C97 NativeClass:/Script/Engine.WorldDataLayers Name:WorldDataLayers Label:WorldDataLayers SpatiallyLoaded:false EditorBounds:IsValid=true, Min=(X=0.000 Y=0.000 Z=0.000), Max=(X=0.000 Y=0.000 Z=0.000) RuntimeBounds:IsValid=true, Min=(X=0.000 Y=0.000 Z=0.000), Max=(X=0.000 Y=0.000 Z=0.000) RuntimeGrid:None EditorOnly:false RuntimeOnly:false HLODRelevant:false ListedInSceneOutliner:true IsMainWorldOnly:true
 |   |   |- Guid:8D79011C4A4D1ED1A6D0758AC78B4FDC BaseClass:/Game/ThirdPerson/Blueprints/BP_Floor.BP_Floor_C NativeClass:/Script/Engine.Actor Name:BP_Floor_C_UAID_5405DBE7D95EC64502_1603190210 Label:BP_Floor SpatiallyLoaded:true EditorBounds:IsValid=true, Min=(X=-1260.000 Y=-610.000 Z=-50.000), Max=(X=1240.000 Y=590.000 Z=50.000) RuntimeBounds:IsValid=true, Min=(X=-1260.000 Y=-610.000 Z=-50.000), Max=(X=1240.000 Y=590.000 Z=50.000) RuntimeGrid:None EditorOnly:false RuntimeOnly:false HLODRelevant:false ListedInSceneOutliner:true IsMainWorldOnly:false
 |   |   |- Guid:A1B503C140F4FAE496E437A8FA7AF932 BaseClass:/Game/ThirdPerson/Blueprints/BP_Ingredient.BP_Ingredient_C NativeClass:/Script/Engine.Actor Name:BP_Ingredient_C_UAID_5405DBE7D95EEF4102_1465534199 Label:BP_Ingredient SpatiallyLoaded:true EditorBounds:IsValid=true, Min=(X=208.754 Y=-1061.349 Z=199.910), Max=(X=1098.505 Y=-401.256 Z=607.269) RuntimeBounds:IsValid=true, Min=(X=208.754 Y=-1061.349 Z=199.910), Max=(X=1098.505 Y=-401.256 Z=607.269) RuntimeGrid:None EditorOnly:false RuntimeOnly:false HLODRelevant:false ListedInSceneOutliner:true IsMainWorldOnly:false
 |   |   |- Guid:B785ED2844B84CFB91E7F39FE661CD99 NativeClass:/Script/Engine.DirectionalLight Name:DirectionalLight_0 Label:DirectionalLight SpatiallyLoaded:false EditorBounds:IsValid=false, Min=(X=0.000 Y=0.000 Z=0.000), Max=(X=0.000 Y=0.000 Z=0.000) RuntimeBounds:IsValid=false, Min=(X=0.000 Y=0.000 Z=0.000), Max=(X=0.000 Y=0.000 Z=0.000) RuntimeGrid:None EditorOnly:false RuntimeOnly:false HLODRelevant:false ListedInSceneOutliner:true IsMainWorldOnly:false FolderPath:Lighting FolderGuid:963EC3EB4002CCE9759E2EBA541A873A
 |   |   |- Guid:BC08B79C4EA3C961CFF75EBBE83B367D NativeClass:/Script/Engine.StaticMeshActor Name:StaticMeshActor_5 Label:SM_Cube2 SpatiallyLoaded:true EditorBounds:IsValid=true, Min=(X=-1250.000 Y=-710.000 Z=0.000), Max=(X=1250.000 Y=-610.000 Z=100.000) RuntimeBounds:IsValid=true, Min=(X=-1250.000 Y=-710.000 Z=0.000), Max=(X=1250.000 Y=-610.000 Z=100.000) RuntimeGrid:None EditorOnly:false RuntimeOnly:false HLODRelevant:true ListedInSceneOutliner:true IsMainWorldOnly:false FolderPath:Playground FolderGuid:C73F09FC4215536B1DCE2A9E0A830C70
 |   |   |- Guid:BFC0B7D7492CB64E6621008CB670D33D BaseClass:/Game/ThirdPerson/Blueprints/BP_Pot.BP_Pot_C NativeClass:/Script/Engine.Actor Name:BP_Pot_C_UAID_5405DBE7D95EFD4102_1245178666 Label:BP_Pot SpatiallyLoaded:true EditorBounds:IsValid=true, Min=(X=-3950.000 Y=-5000.000 Z=-4910.000), Max=(X=6050.000 Y=5000.000 Z=5090.000) RuntimeBounds:IsValid=true, Min=(X=940.000 Y=-110.000 Z=-126.000), Max=(X=1160.000 Y=110.000 Z=226.000) RuntimeGrid:None EditorOnly:false RuntimeOnly:false HLODRelevant:false ListedInSceneOutliner:true IsMainWorldOnly:false
 |   |   |- Guid:CCFF262C46EEFFDF319E7F9539CE697E NativeClass:/Script/Engine.SkyAtmosphere Name:SkyAtmosphere_0 Label:SkyAtmosphere SpatiallyLoaded:false EditorBounds:IsValid=true, Min=(X=472.000 Y=-128.000 Z=892.000), Max=(X=840.000 Y=128.000 Z=1148.000) RuntimeBounds:IsValid=true, Min=(X=600.000 Y=0.000 Z=1020.000), Max=(X=600.000 Y=0.000 Z=1020.000) RuntimeGrid:None EditorOnly:false RuntimeOnly:false HLODRelevant:false ListedInSceneOutliner:true IsMainWorldOnly:false FolderPath:Lighting FolderGuid:963EC3EB4002CCE9759E2EBA541A873A
 |   |   |- Guid:D6698A47495353262DF0EEB248338482 NativeClass:/Script/Engine.StaticMeshActor Name:StaticMeshActor_UAID_5405DBE7D95ECD4502_1778790462 Label:SM_Cube10 SpatiallyLoaded:true EditorBounds:IsValid=true, Min=(X=1350.000 Y=-800.000 Z=560.000), Max=(X=1450.000 Y=1400.000 Z=1560.000) RuntimeBounds:IsValid=true, Min=(X=1350.000 Y=-800.000 Z=560.000), Max=(X=1450.000 Y=1400.000 Z=1560.000) RuntimeGrid:None EditorOnly:false RuntimeOnly:false HLODRelevant:true ListedInSceneOutliner:true IsMainWorldOnly:false FolderPath:Playground FolderGuid:C73F09FC4215536B1DCE2A9E0A830C70
 |   |   |- Guid:EC4E0C944CE6AC6E784BC6BB2916EA13 NativeClass:/Script/Engine.StaticMeshActor Name:StaticMeshActor_UAID_A4AE111137DC5EFB00_1110535423 Label:SM_SkySphere SpatiallyLoaded:false EditorBounds:IsValid=true, Min=(X=-1638400.000 Y=-1638400.000 Z=-1638400.000), Max=(X=1638400.000 Y=1638400.000 Z=1638400.000) RuntimeBounds:IsValid=true, Min=(X=-1638400.000 Y=-1638400.000 Z=-1638400.000), Max=(X=1638400.000 Y=1638400.000 Z=1638400.000) RuntimeGrid:None EditorOnly:false RuntimeOnly:false HLODRelevant:false ListedInSceneOutliner:true IsMainWorldOnly:false FolderPath:Lighting FolderGuid:963EC3EB4002CCE9759E2EBA541A873A
 |   |   |- Guid:F1A641AF4A5C2B93E745F28E0A5E27EB NativeClass:/Script/Niagara.NiagaraActor Name:NiagaraActor_UAID_5405DBE7D95EC54502_1194837033 Label:M_Bubbles SpatiallyLoaded:true EditorBounds:IsValid=true, Min=(X=672.000 Y=-136.001 Z=-28.000), Max=(X=1160.000 Y=133.589 Z=228.000) RuntimeBounds:IsValid=true, Min=(X=688.884 Y=-136.001 Z=32.211), Max=(X=930.893 Y=133.589 Z=167.888) RuntimeGrid:None EditorOnly:false RuntimeOnly:false HLODRelevant:false ListedInSceneOutliner:true IsMainWorldOnly:false
 |   |   |- Guid:F5E3FEB3450C49844FD93DA8E083C8AD NativeClass:/Script/Engine.PostProcessVolume Name:PostProcessVolume_0 Label:PostProcessVolume SpatiallyLoaded:false EditorBounds:IsValid=true, Min=(X=0.000 Y=0.000 Z=1050.000), Max=(X=200.000 Y=200.000 Z=1250.000) RuntimeBounds:IsValid=true, Min=(X=0.000 Y=0.000 Z=1050.000), Max=(X=200.000 Y=200.000 Z=1250.000) RuntimeGrid:None EditorOnly:false RuntimeOnly:false HLODRelevant:false ListedInSceneOutliner:true IsMainWorldOnly:false FolderPath:Lighting FolderGuid:963EC3EB4002CCE9759E2EBA541A873A
 |   |   |- Guid:F99E6DDC4F3F82A05F2DE4BFE4C559B7 NativeClass:/Script/Engine.StaticMeshActor Name:StaticMeshActor_UAID_5405DBE7D95ECD4502_1772604461 Label:SM_Cube8 SpatiallyLoaded:true EditorBounds:IsValid=true, Min=(X=1350.000 Y=-650.000 Z=-790.000), Max=(X=1450.000 Y=1550.000 Z=210.000) RuntimeBounds:IsValid=true, Min=(X=1350.000 Y=-650.000 Z=-790.000), Max=(X=1450.000 Y=1550.000 Z=210.000) RuntimeGrid:None EditorOnly:false RuntimeOnly:false HLODRelevant:true ListedInSceneOutliner:true IsMainWorldOnly:false FolderPath:Playground FolderGuid:C73F09FC4215536B1DCE2A9E0A830C70
 |   |- [+] Clusters:
 |   |   |- [+] [  0]
 |   |   |   |- Guid:083621F94A2DF03F757D6EAA29203C89 NativeClass:/Script/Engine.StaticMeshActor Name:StaticMeshActor_UAID_5405DBE7D95E044202_1353679895 Label:SM_Cube3 SpatiallyLoaded:true EditorBounds:IsValid=true, Min=(X=-1250.000 Y=600.000 Z=0.000), Max=(X=1250.000 Y=700.000 Z=100.000) RuntimeBounds:IsValid=true, Min=(X=-1250.000 Y=600.000 Z=0.000), Max=(X=1250.000 Y=700.000 Z=100.000) RuntimeGrid:None EditorOnly:false RuntimeOnly:false HLODRelevant:true ListedInSceneOutliner:true IsMainWorldOnly:false FolderPath:Playground FolderGuid:C73F09FC4215536B1DCE2A9E0A830C70
 |   |   |- [+] [  1]
 |   |   |   |- Guid:12F6C303424137C0061540BDD6FF4184 NativeClass:/Script/Engine.StaticMeshActor Name:StaticMeshActor_UAID_5405DBE7D95ECD4502_1766186460 Label:SM_Cube9 SpatiallyLoaded:true EditorBounds:IsValid=true, Min=(X=1350.000 Y=180.000 Z=-160.000), Max=(X=1450.000 Y=2380.000 Z=840.000) RuntimeBounds:IsValid=true, Min=(X=1350.000 Y=180.000 Z=-160.000), Max=(X=1450.000 Y=2380.000 Z=840.000) RuntimeGrid:None EditorOnly:false RuntimeOnly:false HLODRelevant:true ListedInSceneOutliner:true IsMainWorldOnly:false FolderPath:Playground FolderGuid:C73F09FC4215536B1DCE2A9E0A830C70
 |   |   |- [+] [  2]
 |   |   |   |- Guid:189B276A43F19C4DD7243A87EC46F7FD BaseClass:/Game/ThirdPerson/Blueprints/BP_Slowgredient.BP_Slowgredient_C NativeClass:/Script/Engine.Actor Name:BP_Slowgredient_C_UAID_5405DBE7D95ECE4502_1412182639 Label:BP_Slowgredient SpatiallyLoaded:true EditorBounds:IsValid=true, Min=(X=-300.000 Y=-100.000 Z=300.000), Max=(X=-200.000 Y=0.000 Z=400.000) RuntimeBounds:IsValid=true, Min=(X=-300.000 Y=-100.000 Z=300.000), Max=(X=-200.000 Y=0.000 Z=400.000) RuntimeGrid:None EditorOnly:false RuntimeOnly:false HLODRelevant:false ListedInSceneOutliner:true IsMainWorldOnly:false
 |   |   |- [+] [  3]
 |   |   |   |- Guid:2FB58999456391D349DC0F86DAC136ED NativeClass:/Script/Engine.SkyLight Name:SkyLight_1 Label:SkyLight SpatiallyLoaded:false EditorBounds:IsValid=true, Min=(X=-1.000 Y=-60.000 Z=-1.000), Max=(X=320.000 Y=1.000 Z=690.000) RuntimeBounds:IsValid=true, Min=(X=320.000 Y=-60.000 Z=690.000), Max=(X=320.000 Y=-60.000 Z=690.000) RuntimeGrid:None EditorOnly:false RuntimeOnly:false HLODRelevant:false ListedInSceneOutliner:true IsMainWorldOnly:false FolderPath:Lighting FolderGuid:963EC3EB4002CCE9759E2EBA541A873A
 |   |   |- [+] [  4]
 |   |   |   |- Guid:316CF2A6494ACA4C0E4180A87D36AB8F NativeClass:/Script/Engine.ExponentialHeightFog Name:ExponentialHeightFog_0 Label:ExponentialHeightFog SpatiallyLoaded:false EditorBounds:IsValid=true, Min=(X=-5600.000 Y=-50.000 Z=-6850.000), Max=(X=-5600.000 Y=-50.000 Z=-6850.000) RuntimeBounds:IsValid=true, Min=(X=-5600.000 Y=-50.000 Z=-6850.000), Max=(X=-5600.000 Y=-50.000 Z=-6850.000) RuntimeGrid:None EditorOnly:false RuntimeOnly:false HLODRelevant:false ListedInSceneOutliner:true IsMainWorldOnly:false FolderPath:Lighting FolderGuid:963EC3EB4002CCE9759E2EBA541A873A
 |   |   |- [+] [  5]
 |   |   |   |- Guid:3A00AA1C422CE54C0BDB60BAF471BFBB NativeClass:/Script/Engine.PlayerStart Name:PlayerStart_0 Label:PlayerStart SpatiallyLoaded:false EditorBounds:IsValid=true, Min=(X=772.000 Y=-138.000 Z=174.013), Max=(X=1140.000 Y=118.000 Z=430.013) RuntimeBounds:IsValid=true, Min=(X=860.000 Y=-50.000 Z=210.013), Max=(X=940.000 Y=30.000 Z=394.013) RuntimeGrid:None EditorOnly:false RuntimeOnly:false HLODRelevant:false ListedInSceneOutliner:true IsMainWorldOnly:false
 |   |   |- [+] [  6]
 |   |   |   |- Guid:4D3BE93F4146AAAC8BBE79999D96D57F NativeClass:/Script/Engine.VolumetricCloud Name:VolumetricCloud_0 Label:VolumetricCloud SpatiallyLoaded:false EditorBounds:IsValid=true, Min=(X=672.000 Y=-128.000 Z=-128.000), Max=(X=928.000 Y=128.000 Z=128.000) RuntimeBounds:IsValid=true, Min=(X=800.000 Y=0.000 Z=0.000), Max=(X=800.000 Y=0.000 Z=0.000) RuntimeGrid:None EditorOnly:false RuntimeOnly:false HLODRelevant:false ListedInSceneOutliner:true IsMainWorldOnly:false FolderPath:Lighting FolderGuid:963EC3EB4002CCE9759E2EBA541A873A
 |   |   |- [+] [  7]
 |   |   |   |- Guid:4D58A926420111A38D89E4BA9E1FB76F NativeClass:/Script/Engine.StaticMeshActor Name:StaticMeshActor_UAID_5405DBE7D95EBC4502_1224748447 Label:SM_Cube7 SpatiallyLoaded:true EditorBounds:IsValid=true, Min=(X=1350.000 Y=-2410.000 Z=-160.000), Max=(X=1450.000 Y=-210.000 Z=840.000) RuntimeBounds:IsValid=true, Min=(X=1350.000 Y=-2410.000 Z=-160.000), Max=(X=1450.000 Y=-210.000 Z=840.000) RuntimeGrid:None EditorOnly:false RuntimeOnly:false HLODRelevant:true ListedInSceneOutliner:true IsMainWorldOnly:false FolderPath:Playground FolderGuid:C73F09FC4215536B1DCE2A9E0A830C70
 |   |   |- [+] [  8]
 |   |   |   |- Guid:560D31BB4C9F2FDAB547D591C48DA308 NativeClass:/Script/Engine.StaticMeshActor Name:StaticMeshActor_UAID_5405DBE7D95EC84402_2046050505 Label:SM_Floor3 SpatiallyLoaded:true EditorBounds:IsValid=true, Min=(X=410.000 Y=230.000 Z=540.000), Max=(X=510.000 Y=330.000 Z=640.000) RuntimeBounds:IsValid=true, Min=(X=410.000 Y=230.000 Z=540.000), Max=(X=510.000 Y=330.000 Z=640.000) RuntimeGrid:None EditorOnly:false RuntimeOnly:false HLODRelevant:true ListedInSceneOutliner:true IsMainWorldOnly:false FolderPath:Playground FolderGuid:C73F09FC4215536B1DCE2A9E0A830C70
 |   |   |- [+] [  9]
 |   |   |   |- Guid:5B97F4A64FB21F77EFC44386BF705B4C NativeClass:/Script/Engine.TextRenderActor Name:TextRenderActor_1 Label:TextRenderActor SpatiallyLoaded:true EditorBounds:IsValid=true, Min=(X=-0.100 Y=1100.000 Z=65.013), Max=(X=-0.100 Y=2392.308 Z=215.013) RuntimeBounds:IsValid=true, Min=(X=-0.100 Y=1100.000 Z=65.013), Max=(X=-0.100 Y=2392.308 Z=215.013) RuntimeGrid:None EditorOnly:false RuntimeOnly:false HLODRelevant:false ListedInSceneOutliner:true IsMainWorldOnly:false
 |   |   |- [+] [ 10]
 |   |   |   |- Guid:6BAF4DDD444C60371492D3919DB42C97 NativeClass:/Script/Engine.WorldDataLayers Name:WorldDataLayers Label:WorldDataLayers SpatiallyLoaded:false EditorBounds:IsValid=true, Min=(X=0.000 Y=0.000 Z=0.000), Max=(X=0.000 Y=0.000 Z=0.000) RuntimeBounds:IsValid=true, Min=(X=0.000 Y=0.000 Z=0.000), Max=(X=0.000 Y=0.000 Z=0.000) RuntimeGrid:None EditorOnly:false RuntimeOnly:false HLODRelevant:false ListedInSceneOutliner:true IsMainWorldOnly:true
 |   |   |- [+] [ 11]
 |   |   |   |- Guid:8D79011C4A4D1ED1A6D0758AC78B4FDC BaseClass:/Game/ThirdPerson/Blueprints/BP_Floor.BP_Floor_C NativeClass:/Script/Engine.Actor Name:BP_Floor_C_UAID_5405DBE7D95EC64502_1603190210 Label:BP_Floor SpatiallyLoaded:true EditorBounds:IsValid=true, Min=(X=-1260.000 Y=-610.000 Z=-50.000), Max=(X=1240.000 Y=590.000 Z=50.000) RuntimeBounds:IsValid=true, Min=(X=-1260.000 Y=-610.000 Z=-50.000), Max=(X=1240.000 Y=590.000 Z=50.000) RuntimeGrid:None EditorOnly:false RuntimeOnly:false HLODRelevant:false ListedInSceneOutliner:true IsMainWorldOnly:false
 |   |   |- [+] [ 12]
 |   |   |   |- Guid:A1B503C140F4FAE496E437A8FA7AF932 BaseClass:/Game/ThirdPerson/Blueprints/BP_Ingredient.BP_Ingredient_C NativeClass:/Script/Engine.Actor Name:BP_Ingredient_C_UAID_5405DBE7D95EEF4102_1465534199 Label:BP_Ingredient SpatiallyLoaded:true EditorBounds:IsValid=true, Min=(X=208.754 Y=-1061.349 Z=199.910), Max=(X=1098.505 Y=-401.256 Z=607.269) RuntimeBounds:IsValid=true, Min=(X=208.754 Y=-1061.349 Z=199.910), Max=(X=1098.505 Y=-401.256 Z=607.269) RuntimeGrid:None EditorOnly:false RuntimeOnly:false HLODRelevant:false ListedInSceneOutliner:true IsMainWorldOnly:false
 |   |   |- [+] [ 13]
 |   |   |   |- Guid:B785ED2844B84CFB91E7F39FE661CD99 NativeClass:/Script/Engine.DirectionalLight Name:DirectionalLight_0 Label:DirectionalLight SpatiallyLoaded:false EditorBounds:IsValid=false, Min=(X=0.000 Y=0.000 Z=0.000), Max=(X=0.000 Y=0.000 Z=0.000) RuntimeBounds:IsValid=false, Min=(X=0.000 Y=0.000 Z=0.000), Max=(X=0.000 Y=0.000 Z=0.000) RuntimeGrid:None EditorOnly:false RuntimeOnly:false HLODRelevant:false ListedInSceneOutliner:true IsMainWorldOnly:false FolderPath:Lighting FolderGuid:963EC3EB4002CCE9759E2EBA541A873A
 |   |   |- [+] [ 14]
 |   |   |   |- Guid:BC08B79C4EA3C961CFF75EBBE83B367D NativeClass:/Script/Engine.StaticMeshActor Name:StaticMeshActor_5 Label:SM_Cube2 SpatiallyLoaded:true EditorBounds:IsValid=true, Min=(X=-1250.000 Y=-710.000 Z=0.000), Max=(X=1250.000 Y=-610.000 Z=100.000) RuntimeBounds:IsValid=true, Min=(X=-1250.000 Y=-710.000 Z=0.000), Max=(X=1250.000 Y=-610.000 Z=100.000) RuntimeGrid:None EditorOnly:false RuntimeOnly:false HLODRelevant:true ListedInSceneOutliner:true IsMainWorldOnly:false FolderPath:Playground FolderGuid:C73F09FC4215536B1DCE2A9E0A830C70
 |   |   |- [+] [ 15]
 |   |   |   |- Guid:BFC0B7D7492CB64E6621008CB670D33D BaseClass:/Game/ThirdPerson/Blueprints/BP_Pot.BP_Pot_C NativeClass:/Script/Engine.Actor Name:BP_Pot_C_UAID_5405DBE7D95EFD4102_1245178666 Label:BP_Pot SpatiallyLoaded:true EditorBounds:IsValid=true, Min=(X=-3950.000 Y=-5000.000 Z=-4910.000), Max=(X=6050.000 Y=5000.000 Z=5090.000) RuntimeBounds:IsValid=true, Min=(X=940.000 Y=-110.000 Z=-126.000), Max=(X=1160.000 Y=110.000 Z=226.000) RuntimeGrid:None EditorOnly:false RuntimeOnly:false HLODRelevant:false ListedInSceneOutliner:true IsMainWorldOnly:false
 |   |   |- [+] [ 16]
 |   |   |   |- Guid:CCFF262C46EEFFDF319E7F9539CE697E NativeClass:/Script/Engine.SkyAtmosphere Name:SkyAtmosphere_0 Label:SkyAtmosphere SpatiallyLoaded:false EditorBounds:IsValid=true, Min=(X=472.000 Y=-128.000 Z=892.000), Max=(X=840.000 Y=128.000 Z=1148.000) RuntimeBounds:IsValid=true, Min=(X=600.000 Y=0.000 Z=1020.000), Max=(X=600.000 Y=0.000 Z=1020.000) RuntimeGrid:None EditorOnly:false RuntimeOnly:false HLODRelevant:false ListedInSceneOutliner:true IsMainWorldOnly:false FolderPath:Lighting FolderGuid:963EC3EB4002CCE9759E2EBA541A873A
 |   |   |- [+] [ 17]
 |   |   |   |- Guid:D6698A47495353262DF0EEB248338482 NativeClass:/Script/Engine.StaticMeshActor Name:StaticMeshActor_UAID_5405DBE7D95ECD4502_1778790462 Label:SM_Cube10 SpatiallyLoaded:true EditorBounds:IsValid=true, Min=(X=1350.000 Y=-800.000 Z=560.000), Max=(X=1450.000 Y=1400.000 Z=1560.000) RuntimeBounds:IsValid=true, Min=(X=1350.000 Y=-800.000 Z=560.000), Max=(X=1450.000 Y=1400.000 Z=1560.000) RuntimeGrid:None EditorOnly:false RuntimeOnly:false HLODRelevant:true ListedInSceneOutliner:true IsMainWorldOnly:false FolderPath:Playground FolderGuid:C73F09FC4215536B1DCE2A9E0A830C70
 |   |   |- [+] [ 18]
 |   |   |   |- Guid:EC4E0C944CE6AC6E784BC6BB2916EA13 NativeClass:/Script/Engine.StaticMeshActor Name:StaticMeshActor_UAID_A4AE111137DC5EFB00_1110535423 Label:SM_SkySphere SpatiallyLoaded:false EditorBounds:IsValid=true, Min=(X=-1638400.000 Y=-1638400.000 Z=-1638400.000), Max=(X=1638400.000 Y=1638400.000 Z=1638400.000) RuntimeBounds:IsValid=true, Min=(X=-1638400.000 Y=-1638400.000 Z=-1638400.000), Max=(X=1638400.000 Y=1638400.000 Z=1638400.000) RuntimeGrid:None EditorOnly:false RuntimeOnly:false HLODRelevant:false ListedInSceneOutliner:true IsMainWorldOnly:false FolderPath:Lighting FolderGuid:963EC3EB4002CCE9759E2EBA541A873A
 |   |   |- [+] [ 19]
 |   |   |   |- Guid:F1A641AF4A5C2B93E745F28E0A5E27EB NativeClass:/Script/Niagara.NiagaraActor Name:NiagaraActor_UAID_5405DBE7D95EC54502_1194837033 Label:M_Bubbles SpatiallyLoaded:true EditorBounds:IsValid=true, Min=(X=672.000 Y=-136.001 Z=-28.000), Max=(X=1160.000 Y=133.589 Z=228.000) RuntimeBounds:IsValid=true, Min=(X=688.884 Y=-136.001 Z=32.211), Max=(X=930.893 Y=133.589 Z=167.888) RuntimeGrid:None EditorOnly:false RuntimeOnly:false HLODRelevant:false ListedInSceneOutliner:true IsMainWorldOnly:false
 |   |   |- [+] [ 20]
 |   |   |   |- Guid:F5E3FEB3450C49844FD93DA8E083C8AD NativeClass:/Script/Engine.PostProcessVolume Name:PostProcessVolume_0 Label:PostProcessVolume SpatiallyLoaded:false EditorBounds:IsValid=true, Min=(X=0.000 Y=0.000 Z=1050.000), Max=(X=200.000 Y=200.000 Z=1250.000) RuntimeBounds:IsValid=true, Min=(X=0.000 Y=0.000 Z=1050.000), Max=(X=200.000 Y=200.000 Z=1250.000) RuntimeGrid:None EditorOnly:false RuntimeOnly:false HLODRelevant:false ListedInSceneOutliner:true IsMainWorldOnly:false FolderPath:Lighting FolderGuid:963EC3EB4002CCE9759E2EBA541A873A
 |   |   |- [+] [ 21]
 |   |   |   |- Guid:F99E6DDC4F3F82A05F2DE4BFE4C559B7 NativeClass:/Script/Engine.StaticMeshActor Name:StaticMeshActor_UAID_5405DBE7D95ECD4502_1772604461 Label:SM_Cube8 SpatiallyLoaded:true EditorBounds:IsValid=true, Min=(X=1350.000 Y=-650.000 Z=-790.000), Max=(X=1450.000 Y=1550.000 Z=210.000) RuntimeBounds:IsValid=true, Min=(X=1350.000 Y=-650.000 Z=-790.000), Max=(X=1450.000 Y=1550.000 Z=210.000) RuntimeGrid:None EditorOnly:false RuntimeOnly:false HLODRelevant:true ListedInSceneOutliner:true IsMainWorldOnly:false FolderPath:Playground FolderGuid:C73F09FC4215536B1DCE2A9E0A830C70
 |- ContainerInstances:
 |- [+] MainContainer:
 |   |-        ID: 00000000000000000000000000000000
 |   |-  ParentID: 00000000000000000000000000000000
 |   |-    Bounds: IsValid=false, Min=(X=0.000 Y=0.000 Z=0.000), Max=(X=0.000 Y=0.000 Z=0.000)
 |   |- Transform: 0.000000,0.000000,0.000000|0.000000,0.000000,-0.000000|1.000000,1.000000,1.000000
 |   |- Container: /Game/ThirdPerson/Maps/ThirdPersonMap
----------------------------------------------------------------------------------------------------------------
ThirdPersonMap - Persistent Level
----------------------------------------------------------------------------------------------------------------
[+] Content of ThirdPersonMap Persistent Level
 |- Always loaded Actor Count: 22 
 |- Actor Path: /Game/ThirdPerson/Maps/ThirdPersonMap.ThirdPersonMap:PersistentLevel.BP_Floor_C_UAID_5405DBE7D95EC64502_1603190210
 |- Actor Package: /Game/__ExternalActors__/ThirdPerson/Maps/ThirdPersonMap/B/TE/1AX12HIAYMDDZXDXRVHZVT
 |- Actor Path: /Game/ThirdPerson/Maps/ThirdPersonMap.ThirdPersonMap:PersistentLevel.BP_Ingredient_C_UAID_5405DBE7D95EEF4102_1465534199
 |- Actor Package: /Game/__ExternalActors__/ThirdPerson/Maps/ThirdPersonMap/8/9P/1I47QJZYNW78QC3EYDH5J1
 |- Actor Path: /Game/ThirdPerson/Maps/ThirdPersonMap.ThirdPersonMap:PersistentLevel.BP_Pot_C_UAID_5405DBE7D95EFD4102_1245178666
 |- Actor Package: /Game/__ExternalActors__/ThirdPerson/Maps/ThirdPersonMap/0/YV/WC16PUNDMH2K4AJYTL5H7N
 |- Actor Path: /Game/ThirdPerson/Maps/ThirdPersonMap.ThirdPersonMap:PersistentLevel.BP_Slowgredient_C_UAID_5405DBE7D95ECE4502_1412182639
 |- Actor Package: /Game/__ExternalActors__/ThirdPerson/Maps/ThirdPersonMap/7/Y3/DA983FECYOYOL4XSRQ8WN9
 |- Actor Path: /Game/ThirdPerson/Maps/ThirdPersonMap.ThirdPersonMap:PersistentLevel.DirectionalLight_0
 |- Actor Package: /Game/__ExternalActors__/ThirdPerson/Maps/ThirdPersonMap/5/R1/TS5OQ5CRUWFZYL1ZQ7I416
 |- Actor Path: /Game/ThirdPerson/Maps/ThirdPersonMap.ThirdPersonMap:PersistentLevel.ExponentialHeightFog_0
 |- Actor Package: /Game/__ExternalActors__/ThirdPerson/Maps/ThirdPersonMap/6/J7/N10XDC9G27EMLS5AGZ6AVV
 |- Actor Path: /Game/ThirdPerson/Maps/ThirdPersonMap.ThirdPersonMap:PersistentLevel.NiagaraActor_UAID_5405DBE7D95EC54502_1194837033
 |- Actor Package: /Game/__ExternalActors__/ThirdPerson/Maps/ThirdPersonMap/1/5G/I8QY4PSGH9YGWJPZGZRDKP
 |- Actor Path: /Game/ThirdPerson/Maps/ThirdPersonMap.ThirdPersonMap:PersistentLevel.PlayerStart_0
 |- Actor Package: /Game/__ExternalActors__/ThirdPerson/Maps/ThirdPersonMap/D/DE/SWSI13675DVYIZ0N4NF7Y3
 |- Actor Path: /Game/ThirdPerson/Maps/ThirdPersonMap.ThirdPersonMap:PersistentLevel.PostProcessVolume_0
 |- Actor Package: /Game/__ExternalActors__/ThirdPerson/Maps/ThirdPersonMap/1/AZ/A7GPT109Y6ZTTJD4A7TXER
 |- Actor Path: /Game/ThirdPerson/Maps/ThirdPersonMap.ThirdPersonMap:PersistentLevel.SkyAtmosphere_0
 |- Actor Package: /Game/__ExternalActors__/ThirdPerson/Maps/ThirdPersonMap/4/LN/30UBDLYFFA5ZR7U4W4L4GG
 |- Actor Path: /Game/ThirdPerson/Maps/ThirdPersonMap.ThirdPersonMap:PersistentLevel.SkyLight_1
 |- Actor Package: /Game/__ExternalActors__/ThirdPerson/Maps/ThirdPersonMap/8/S1/DXUWD12MD3HRWVVXX076BY
 |- Actor Path: /Game/ThirdPerson/Maps/ThirdPersonMap.ThirdPersonMap:PersistentLevel.StaticMeshActor_5
 |- Actor Package: /Game/__ExternalActors__/ThirdPerson/Maps/ThirdPersonMap/C/QF/BY1DA5CRGQSAMOTK8RA8KR
 |- Actor Path: /Game/ThirdPerson/Maps/ThirdPersonMap.ThirdPersonMap:PersistentLevel.StaticMeshActor_UAID_5405DBE7D95E044202_1353679895
 |- Actor Package: /Game/__ExternalActors__/ThirdPerson/Maps/ThirdPersonMap/4/YT/OODR3BCA3AWY50J4RHD4UU
 |- Actor Path: /Game/ThirdPerson/Maps/ThirdPersonMap.ThirdPersonMap:PersistentLevel.StaticMeshActor_UAID_5405DBE7D95EBC4502_1224748447
 |- Actor Package: /Game/__ExternalActors__/ThirdPerson/Maps/ThirdPersonMap/1/GF/CPT2A55OS9F4RQABIQCHH2
 |- Actor Path: /Game/ThirdPerson/Maps/ThirdPersonMap.ThirdPersonMap:PersistentLevel.StaticMeshActor_UAID_5405DBE7D95EC84402_2046050505
 |- Actor Package: /Game/__ExternalActors__/ThirdPerson/Maps/ThirdPersonMap/9/UZ/ZL10883A1U40V39AXSZK04
 |- Actor Path: /Game/ThirdPerson/Maps/ThirdPersonMap.ThirdPersonMap:PersistentLevel.StaticMeshActor_UAID_5405DBE7D95ECD4502_1766186460
 |- Actor Package: /Game/__ExternalActors__/ThirdPerson/Maps/ThirdPersonMap/D/9U/RYRUF2HHUGMK7DJBBTAESX
 |- Actor Path: /Game/ThirdPerson/Maps/ThirdPersonMap.ThirdPersonMap:PersistentLevel.StaticMeshActor_UAID_5405DBE7D95ECD4502_1772604461
 |- Actor Package: /Game/__ExternalActors__/ThirdPerson/Maps/ThirdPersonMap/E/RH/O5SZ7LF5LCH3ZS43UKOQE2
 |- Actor Path: /Game/ThirdPerson/Maps/ThirdPersonMap.ThirdPersonMap:PersistentLevel.StaticMeshActor_UAID_5405DBE7D95ECD4502_1778790462
 |- Actor Package: /Game/__ExternalActors__/ThirdPerson/Maps/ThirdPersonMap/B/7O/AQ1FHLVN0F3076QNXIPNST
 |- Actor Path: /Game/ThirdPerson/Maps/ThirdPersonMap.ThirdPersonMap:PersistentLevel.StaticMeshActor_UAID_A4AE111137DC5EFB00_1110535423
 |- Actor Package: /Game/__ExternalActors__/ThirdPerson/Maps/ThirdPersonMap/4/PN/2QISIGK5DJNQ05US8O8FXW
 |- Actor Path: /Game/ThirdPerson/Maps/ThirdPersonMap.ThirdPersonMap:PersistentLevel.TextRenderActor_1
 |- Actor Package: /Game/__ExternalActors__/ThirdPerson/Maps/ThirdPersonMap/1/WU/NB37RT5Q32Z8MJWD8BD2SO
 |- Actor Path: /Game/ThirdPerson/Maps/ThirdPersonMap.ThirdPersonMap:PersistentLevel.VolumetricCloud_0
 |- Actor Package: /Game/__ExternalActors__/ThirdPerson/Maps/ThirdPersonMap/3/EY/87SHEJN5UBEAN2K5OV1G6R
 |- Actor Path: /Game/ThirdPerson/Maps/ThirdPersonMap.ThirdPersonMap:PersistentLevel.WorldDataLayers
 |- Actor Package: /Game/__ExternalActors__/ThirdPerson/Maps/ThirdPersonMap/0/43/HYQWORMY4JDQ5X3OKZXFLC

----------------------------------------------------------------------------------------------------------------
ThirdPersonMap - Runtime Hash Set
----------------------------------------------------------------------------------------------------------------

